<?xml version="1.0" encoding="UTF-8"?>
<testsuite xmlns:xsi="http://www.w3.org/2001/XMLSchema-instance" xsi:noNamespaceSchemaLocation="https://maven.apache.org/surefire/maven-surefire-plugin/xsd/surefire-test-report.xsd" name="uow.uow.UowApplicationTests" time="20.375" tests="1" errors="0" skipped="0" failures="0">
  <properties>
    <property name="sun.desktop" value="gnome"/>
    <property name="awt.toolkit" value="sun.awt.X11.XToolkit"/>
    <property name="file.encoding.pkg" value="sun.io"/>
    <property name="java.specification.version" value="1.8"/>
    <property name="sun.cpu.isalist" value=""/>
    <property name="sun.jnu.encoding" value="UTF-8"/>
    <property name="java.class.path" value="/home/lucas/dev/projetos/ouw-back/target/test-classes:/home/lucas/dev/projetos/ouw-back/target/classes:/home/lucas/~/.m2/org/springframework/boot/spring-boot-starter-web/2.0.6.RELEASE/spring-boot-starter-web-2.0.6.RELEASE.jar:/home/lucas/~/.m2/org/springframework/boot/spring-boot-starter/2.0.6.RELEASE/spring-boot-starter-2.0.6.RELEASE.jar:/home/lucas/~/.m2/org/springframework/boot/spring-boot/2.0.6.RELEASE/spring-boot-2.0.6.RELEASE.jar:/home/lucas/~/.m2/org/springframework/boot/spring-boot-autoconfigure/2.0.6.RELEASE/spring-boot-autoconfigure-2.0.6.RELEASE.jar:/home/lucas/~/.m2/org/springframework/boot/spring-boot-starter-logging/2.0.6.RELEASE/spring-boot-starter-logging-2.0.6.RELEASE.jar:/home/lucas/~/.m2/ch/qos/logback/logback-classic/1.2.3/logback-classic-1.2.3.jar:/home/lucas/~/.m2/ch/qos/logback/logback-core/1.2.3/logback-core-1.2.3.jar:/home/lucas/~/.m2/org/apache/logging/log4j/log4j-to-slf4j/2.10.0/log4j-to-slf4j-2.10.0.jar:/home/lucas/~/.m2/org/apache/logging/log4j/log4j-api/2.10.0/log4j-api-2.10.0.jar:/home/lucas/~/.m2/org/slf4j/jul-to-slf4j/1.7.25/jul-to-slf4j-1.7.25.jar:/home/lucas/~/.m2/javax/annotation/javax.annotation-api/1.3.2/javax.annotation-api-1.3.2.jar:/home/lucas/~/.m2/org/yaml/snakeyaml/1.19/snakeyaml-1.19.jar:/home/lucas/~/.m2/org/springframework/boot/spring-boot-starter-json/2.0.6.RELEASE/spring-boot-starter-json-2.0.6.RELEASE.jar:/home/lucas/~/.m2/com/fasterxml/jackson/core/jackson-databind/2.9.7/jackson-databind-2.9.7.jar:/home/lucas/~/.m2/com/fasterxml/jackson/core/jackson-annotations/2.9.0/jackson-annotations-2.9.0.jar:/home/lucas/~/.m2/com/fasterxml/jackson/core/jackson-core/2.9.7/jackson-core-2.9.7.jar:/home/lucas/~/.m2/com/fasterxml/jackson/datatype/jackson-datatype-jdk8/2.9.7/jackson-datatype-jdk8-2.9.7.jar:/home/lucas/~/.m2/com/fasterxml/jackson/datatype/jackson-datatype-jsr310/2.9.7/jackson-datatype-jsr310-2.9.7.jar:/home/lucas/~/.m2/com/fasterxml/jackson/module/jackson-module-parameter-names/2.9.7/jackson-module-parameter-names-2.9.7.jar:/home/lucas/~/.m2/org/springframework/boot/spring-boot-starter-tomcat/2.0.6.RELEASE/spring-boot-starter-tomcat-2.0.6.RELEASE.jar:/home/lucas/~/.m2/org/apache/tomcat/embed/tomcat-embed-core/8.5.34/tomcat-embed-core-8.5.34.jar:/home/lucas/~/.m2/org/apache/tomcat/embed/tomcat-embed-el/8.5.34/tomcat-embed-el-8.5.34.jar:/home/lucas/~/.m2/org/apache/tomcat/embed/tomcat-embed-websocket/8.5.34/tomcat-embed-websocket-8.5.34.jar:/home/lucas/~/.m2/org/hibernate/validator/hibernate-validator/6.0.13.Final/hibernate-validator-6.0.13.Final.jar:/home/lucas/~/.m2/javax/validation/validation-api/2.0.1.Final/validation-api-2.0.1.Final.jar:/home/lucas/~/.m2/org/jboss/logging/jboss-logging/3.3.2.Final/jboss-logging-3.3.2.Final.jar:/home/lucas/~/.m2/com/fasterxml/classmate/1.3.4/classmate-1.3.4.jar:/home/lucas/~/.m2/org/springframework/spring-web/5.0.10.RELEASE/spring-web-5.0.10.RELEASE.jar:/home/lucas/~/.m2/org/springframework/spring-beans/5.0.10.RELEASE/spring-beans-5.0.10.RELEASE.jar:/home/lucas/~/.m2/org/springframework/spring-webmvc/5.0.10.RELEASE/spring-webmvc-5.0.10.RELEASE.jar:/home/lucas/~/.m2/org/springframework/spring-aop/5.0.10.RELEASE/spring-aop-5.0.10.RELEASE.jar:/home/lucas/~/.m2/org/springframework/spring-context/5.0.10.RELEASE/spring-context-5.0.10.RELEASE.jar:/home/lucas/~/.m2/org/springframework/spring-expression/5.0.10.RELEASE/spring-expression-5.0.10.RELEASE.jar:/home/lucas/~/.m2/com/microsoft/sqlserver/mssql-jdbc/6.2.2.jre8/mssql-jdbc-6.2.2.jre8.jar:/home/lucas/~/.m2/org/projectlombok/lombok/1.18.2/lombok-1.18.2.jar:/home/lucas/~/.m2/org/springframework/cloud/spring-cloud-starter-openfeign/2.0.1.RELEASE/spring-cloud-starter-openfeign-2.0.1.RELEASE.jar:/home/lucas/~/.m2/org/springframework/cloud/spring-cloud-starter/2.0.1.RELEASE/spring-cloud-starter-2.0.1.RELEASE.jar:/home/lucas/~/.m2/org/springframework/cloud/spring-cloud-context/2.0.1.RELEASE/spring-cloud-context-2.0.1.RELEASE.jar:/home/lucas/~/.m2/org/springframework/security/spring-security-rsa/1.0.5.RELEASE/spring-security-rsa-1.0.5.RELEASE.jar:/home/lucas/~/.m2/org/bouncycastle/bcpkix-jdk15on/1.56/bcpkix-jdk15on-1.56.jar:/home/lucas/~/.m2/org/bouncycastle/bcprov-jdk15on/1.56/bcprov-jdk15on-1.56.jar:/home/lucas/~/.m2/org/springframework/cloud/spring-cloud-openfeign-core/2.0.1.RELEASE/spring-cloud-openfeign-core-2.0.1.RELEASE.jar:/home/lucas/~/.m2/org/springframework/cloud/spring-cloud-netflix-ribbon/2.0.1.RELEASE/spring-cloud-netflix-ribbon-2.0.1.RELEASE.jar:/home/lucas/~/.m2/org/springframework/cloud/spring-cloud-netflix-archaius/2.0.1.RELEASE/spring-cloud-netflix-archaius-2.0.1.RELEASE.jar:/home/lucas/~/.m2/org/springframework/cloud/spring-cloud-commons/2.0.1.RELEASE/spring-cloud-commons-2.0.1.RELEASE.jar:/home/lucas/~/.m2/org/springframework/security/spring-security-crypto/5.0.9.RELEASE/spring-security-crypto-5.0.9.RELEASE.jar:/home/lucas/~/.m2/io/github/openfeign/feign-core/9.5.1/feign-core-9.5.1.jar:/home/lucas/~/.m2/io/github/openfeign/feign-slf4j/9.5.1/feign-slf4j-9.5.1.jar:/home/lucas/~/.m2/org/slf4j/slf4j-api/1.7.25/slf4j-api-1.7.25.jar:/home/lucas/~/.m2/io/github/openfeign/feign-hystrix/9.5.1/feign-hystrix-9.5.1.jar:/home/lucas/~/.m2/com/netflix/archaius/archaius-core/0.7.6/archaius-core-0.7.6.jar:/home/lucas/~/.m2/com/google/code/findbugs/jsr305/3.0.1/jsr305-3.0.1.jar:/home/lucas/~/.m2/commons-configuration/commons-configuration/1.8/commons-configuration-1.8.jar:/home/lucas/~/.m2/commons-lang/commons-lang/2.6/commons-lang-2.6.jar:/home/lucas/~/.m2/com/google/guava/guava/16.0/guava-16.0.jar:/home/lucas/~/.m2/com/netflix/hystrix/hystrix-core/1.5.12/hystrix-core-1.5.12.jar:/home/lucas/~/.m2/io/reactivex/rxjava/1.3.8/rxjava-1.3.8.jar:/home/lucas/~/.m2/org/hdrhistogram/HdrHistogram/2.1.9/HdrHistogram-2.1.9.jar:/home/lucas/~/.m2/io/github/openfeign/feign-java8/9.5.1/feign-java8-9.5.1.jar:/home/lucas/~/.m2/org/springframework/boot/spring-boot-starter-data-jpa/2.0.6.RELEASE/spring-boot-starter-data-jpa-2.0.6.RELEASE.jar:/home/lucas/~/.m2/org/springframework/boot/spring-boot-starter-aop/2.0.6.RELEASE/spring-boot-starter-aop-2.0.6.RELEASE.jar:/home/lucas/~/.m2/org/aspectj/aspectjweaver/1.8.13/aspectjweaver-1.8.13.jar:/home/lucas/~/.m2/org/springframework/boot/spring-boot-starter-jdbc/2.0.6.RELEASE/spring-boot-starter-jdbc-2.0.6.RELEASE.jar:/home/lucas/~/.m2/com/zaxxer/HikariCP/2.7.9/HikariCP-2.7.9.jar:/home/lucas/~/.m2/org/springframework/spring-jdbc/5.0.10.RELEASE/spring-jdbc-5.0.10.RELEASE.jar:/home/lucas/~/.m2/javax/transaction/javax.transaction-api/1.2/javax.transaction-api-1.2.jar:/home/lucas/~/.m2/org/hibernate/hibernate-core/5.2.17.Final/hibernate-core-5.2.17.Final.jar:/home/lucas/~/.m2/org/hibernate/javax/persistence/hibernate-jpa-2.1-api/1.0.2.Final/hibernate-jpa-2.1-api-1.0.2.Final.jar:/home/lucas/~/.m2/org/javassist/javassist/3.22.0-GA/javassist-3.22.0-GA.jar:/home/lucas/~/.m2/antlr/antlr/2.7.7/antlr-2.7.7.jar:/home/lucas/~/.m2/org/jboss/jandex/2.0.3.Final/jandex-2.0.3.Final.jar:/home/lucas/~/.m2/dom4j/dom4j/1.6.1/dom4j-1.6.1.jar:/home/lucas/~/.m2/org/hibernate/common/hibernate-commons-annotations/5.0.1.Final/hibernate-commons-annotations-5.0.1.Final.jar:/home/lucas/~/.m2/org/springframework/data/spring-data-jpa/2.0.11.RELEASE/spring-data-jpa-2.0.11.RELEASE.jar:/home/lucas/~/.m2/org/springframework/data/spring-data-commons/2.0.11.RELEASE/spring-data-commons-2.0.11.RELEASE.jar:/home/lucas/~/.m2/org/springframework/spring-orm/5.0.10.RELEASE/spring-orm-5.0.10.RELEASE.jar:/home/lucas/~/.m2/org/springframework/spring-tx/5.0.10.RELEASE/spring-tx-5.0.10.RELEASE.jar:/home/lucas/~/.m2/org/springframework/spring-aspects/5.0.10.RELEASE/spring-aspects-5.0.10.RELEASE.jar:/home/lucas/~/.m2/org/springframework/boot/spring-boot-starter-test/2.0.6.RELEASE/spring-boot-starter-test-2.0.6.RELEASE.jar:/home/lucas/~/.m2/org/springframework/boot/spring-boot-test/2.0.6.RELEASE/spring-boot-test-2.0.6.RELEASE.jar:/home/lucas/~/.m2/org/springframework/boot/spring-boot-test-autoconfigure/2.0.6.RELEASE/spring-boot-test-autoconfigure-2.0.6.RELEASE.jar:/home/lucas/~/.m2/com/jayway/jsonpath/json-path/2.4.0/json-path-2.4.0.jar:/home/lucas/~/.m2/net/minidev/json-smart/2.3/json-smart-2.3.jar:/home/lucas/~/.m2/net/minidev/accessors-smart/1.2/accessors-smart-1.2.jar:/home/lucas/~/.m2/org/ow2/asm/asm/5.0.4/asm-5.0.4.jar:/home/lucas/~/.m2/junit/junit/4.12/junit-4.12.jar:/home/lucas/~/.m2/org/assertj/assertj-core/3.9.1/assertj-core-3.9.1.jar:/home/lucas/~/.m2/org/mockito/mockito-core/2.15.0/mockito-core-2.15.0.jar:/home/lucas/~/.m2/net/bytebuddy/byte-buddy/1.7.11/byte-buddy-1.7.11.jar:/home/lucas/~/.m2/net/bytebuddy/byte-buddy-agent/1.7.11/byte-buddy-agent-1.7.11.jar:/home/lucas/~/.m2/org/objenesis/objenesis/2.6/objenesis-2.6.jar:/home/lucas/~/.m2/org/hamcrest/hamcrest-core/1.3/hamcrest-core-1.3.jar:/home/lucas/~/.m2/org/hamcrest/hamcrest-library/1.3/hamcrest-library-1.3.jar:/home/lucas/~/.m2/org/skyscreamer/jsonassert/1.5.0/jsonassert-1.5.0.jar:/home/lucas/~/.m2/com/vaadin/external/google/android-json/0.0.20131108.vaadin1/android-json-0.0.20131108.vaadin1.jar:/home/lucas/~/.m2/org/springframework/spring-core/5.0.10.RELEASE/spring-core-5.0.10.RELEASE.jar:/home/lucas/~/.m2/org/springframework/spring-jcl/5.0.10.RELEASE/spring-jcl-5.0.10.RELEASE.jar:/home/lucas/~/.m2/org/springframework/spring-test/5.0.10.RELEASE/spring-test-5.0.10.RELEASE.jar:/home/lucas/~/.m2/org/xmlunit/xmlunit-core/2.5.1/xmlunit-core-2.5.1.jar:"/>
    <property name="java.vm.vendor" value="Oracle Corporation"/>
    <property name="sun.arch.data.model" value="64"/>
    <property name="java.vendor.url" value="http://java.oracle.com/"/>
    <property name="user.timezone" value=""/>
    <property name="java.vm.specification.version" value="1.8"/>
    <property name="os.name" value="Linux"/>
    <property name="user.country" value="BR"/>
    <property name="sun.java.launcher" value="SUN_STANDARD"/>
    <property name="sun.boot.library.path" value="/usr/lib/jvm/java-8-openjdk-amd64/jre/lib/amd64"/>
    <property name="sun.java.command" value="/home/lucas/dev/projetos/ouw-back/target/surefire/surefirebooter3948478826994482143.jar /home/lucas/dev/projetos/ouw-back/target/surefire 2018-11-26T22-17-14_929-jvmRun1 surefire5174899406881559695tmp surefire_07653927423579748041tmp"/>
    <property name="surefire.test.class.path" value="/home/lucas/dev/projetos/ouw-back/target/test-classes:/home/lucas/dev/projetos/ouw-back/target/classes:/home/lucas/~/.m2/org/springframework/boot/spring-boot-starter-web/2.0.6.RELEASE/spring-boot-starter-web-2.0.6.RELEASE.jar:/home/lucas/~/.m2/org/springframework/boot/spring-boot-starter/2.0.6.RELEASE/spring-boot-starter-2.0.6.RELEASE.jar:/home/lucas/~/.m2/org/springframework/boot/spring-boot/2.0.6.RELEASE/spring-boot-2.0.6.RELEASE.jar:/home/lucas/~/.m2/org/springframework/boot/spring-boot-autoconfigure/2.0.6.RELEASE/spring-boot-autoconfigure-2.0.6.RELEASE.jar:/home/lucas/~/.m2/org/springframework/boot/spring-boot-starter-logging/2.0.6.RELEASE/spring-boot-starter-logging-2.0.6.RELEASE.jar:/home/lucas/~/.m2/ch/qos/logback/logback-classic/1.2.3/logback-classic-1.2.3.jar:/home/lucas/~/.m2/ch/qos/logback/logback-core/1.2.3/logback-core-1.2.3.jar:/home/lucas/~/.m2/org/apache/logging/log4j/log4j-to-slf4j/2.10.0/log4j-to-slf4j-2.10.0.jar:/home/lucas/~/.m2/org/apache/logging/log4j/log4j-api/2.10.0/log4j-api-2.10.0.jar:/home/lucas/~/.m2/org/slf4j/jul-to-slf4j/1.7.25/jul-to-slf4j-1.7.25.jar:/home/lucas/~/.m2/javax/annotation/javax.annotation-api/1.3.2/javax.annotation-api-1.3.2.jar:/home/lucas/~/.m2/org/yaml/snakeyaml/1.19/snakeyaml-1.19.jar:/home/lucas/~/.m2/org/springframework/boot/spring-boot-starter-json/2.0.6.RELEASE/spring-boot-starter-json-2.0.6.RELEASE.jar:/home/lucas/~/.m2/com/fasterxml/jackson/core/jackson-databind/2.9.7/jackson-databind-2.9.7.jar:/home/lucas/~/.m2/com/fasterxml/jackson/core/jackson-annotations/2.9.0/jackson-annotations-2.9.0.jar:/home/lucas/~/.m2/com/fasterxml/jackson/core/jackson-core/2.9.7/jackson-core-2.9.7.jar:/home/lucas/~/.m2/com/fasterxml/jackson/datatype/jackson-datatype-jdk8/2.9.7/jackson-datatype-jdk8-2.9.7.jar:/home/lucas/~/.m2/com/fasterxml/jackson/datatype/jackson-datatype-jsr310/2.9.7/jackson-datatype-jsr310-2.9.7.jar:/home/lucas/~/.m2/com/fasterxml/jackson/module/jackson-module-parameter-names/2.9.7/jackson-module-parameter-names-2.9.7.jar:/home/lucas/~/.m2/org/springframework/boot/spring-boot-starter-tomcat/2.0.6.RELEASE/spring-boot-starter-tomcat-2.0.6.RELEASE.jar:/home/lucas/~/.m2/org/apache/tomcat/embed/tomcat-embed-core/8.5.34/tomcat-embed-core-8.5.34.jar:/home/lucas/~/.m2/org/apache/tomcat/embed/tomcat-embed-el/8.5.34/tomcat-embed-el-8.5.34.jar:/home/lucas/~/.m2/org/apache/tomcat/embed/tomcat-embed-websocket/8.5.34/tomcat-embed-websocket-8.5.34.jar:/home/lucas/~/.m2/org/hibernate/validator/hibernate-validator/6.0.13.Final/hibernate-validator-6.0.13.Final.jar:/home/lucas/~/.m2/javax/validation/validation-api/2.0.1.Final/validation-api-2.0.1.Final.jar:/home/lucas/~/.m2/org/jboss/logging/jboss-logging/3.3.2.Final/jboss-logging-3.3.2.Final.jar:/home/lucas/~/.m2/com/fasterxml/classmate/1.3.4/classmate-1.3.4.jar:/home/lucas/~/.m2/org/springframework/spring-web/5.0.10.RELEASE/spring-web-5.0.10.RELEASE.jar:/home/lucas/~/.m2/org/springframework/spring-beans/5.0.10.RELEASE/spring-beans-5.0.10.RELEASE.jar:/home/lucas/~/.m2/org/springframework/spring-webmvc/5.0.10.RELEASE/spring-webmvc-5.0.10.RELEASE.jar:/home/lucas/~/.m2/org/springframework/spring-aop/5.0.10.RELEASE/spring-aop-5.0.10.RELEASE.jar:/home/lucas/~/.m2/org/springframework/spring-context/5.0.10.RELEASE/spring-context-5.0.10.RELEASE.jar:/home/lucas/~/.m2/org/springframework/spring-expression/5.0.10.RELEASE/spring-expression-5.0.10.RELEASE.jar:/home/lucas/~/.m2/com/microsoft/sqlserver/mssql-jdbc/6.2.2.jre8/mssql-jdbc-6.2.2.jre8.jar:/home/lucas/~/.m2/org/projectlombok/lombok/1.18.2/lombok-1.18.2.jar:/home/lucas/~/.m2/org/springframework/cloud/spring-cloud-starter-openfeign/2.0.1.RELEASE/spring-cloud-starter-openfeign-2.0.1.RELEASE.jar:/home/lucas/~/.m2/org/springframework/cloud/spring-cloud-starter/2.0.1.RELEASE/spring-cloud-starter-2.0.1.RELEASE.jar:/home/lucas/~/.m2/org/springframework/cloud/spring-cloud-context/2.0.1.RELEASE/spring-cloud-context-2.0.1.RELEASE.jar:/home/lucas/~/.m2/org/springframework/security/spring-security-rsa/1.0.5.RELEASE/spring-security-rsa-1.0.5.RELEASE.jar:/home/lucas/~/.m2/org/bouncycastle/bcpkix-jdk15on/1.56/bcpkix-jdk15on-1.56.jar:/home/lucas/~/.m2/org/bouncycastle/bcprov-jdk15on/1.56/bcprov-jdk15on-1.56.jar:/home/lucas/~/.m2/org/springframework/cloud/spring-cloud-openfeign-core/2.0.1.RELEASE/spring-cloud-openfeign-core-2.0.1.RELEASE.jar:/home/lucas/~/.m2/org/springframework/cloud/spring-cloud-netflix-ribbon/2.0.1.RELEASE/spring-cloud-netflix-ribbon-2.0.1.RELEASE.jar:/home/lucas/~/.m2/org/springframework/cloud/spring-cloud-netflix-archaius/2.0.1.RELEASE/spring-cloud-netflix-archaius-2.0.1.RELEASE.jar:/home/lucas/~/.m2/org/springframework/cloud/spring-cloud-commons/2.0.1.RELEASE/spring-cloud-commons-2.0.1.RELEASE.jar:/home/lucas/~/.m2/org/springframework/security/spring-security-crypto/5.0.9.RELEASE/spring-security-crypto-5.0.9.RELEASE.jar:/home/lucas/~/.m2/io/github/openfeign/feign-core/9.5.1/feign-core-9.5.1.jar:/home/lucas/~/.m2/io/github/openfeign/feign-slf4j/9.5.1/feign-slf4j-9.5.1.jar:/home/lucas/~/.m2/org/slf4j/slf4j-api/1.7.25/slf4j-api-1.7.25.jar:/home/lucas/~/.m2/io/github/openfeign/feign-hystrix/9.5.1/feign-hystrix-9.5.1.jar:/home/lucas/~/.m2/com/netflix/archaius/archaius-core/0.7.6/archaius-core-0.7.6.jar:/home/lucas/~/.m2/com/google/code/findbugs/jsr305/3.0.1/jsr305-3.0.1.jar:/home/lucas/~/.m2/commons-configuration/commons-configuration/1.8/commons-configuration-1.8.jar:/home/lucas/~/.m2/commons-lang/commons-lang/2.6/commons-lang-2.6.jar:/home/lucas/~/.m2/com/google/guava/guava/16.0/guava-16.0.jar:/home/lucas/~/.m2/com/netflix/hystrix/hystrix-core/1.5.12/hystrix-core-1.5.12.jar:/home/lucas/~/.m2/io/reactivex/rxjava/1.3.8/rxjava-1.3.8.jar:/home/lucas/~/.m2/org/hdrhistogram/HdrHistogram/2.1.9/HdrHistogram-2.1.9.jar:/home/lucas/~/.m2/io/github/openfeign/feign-java8/9.5.1/feign-java8-9.5.1.jar:/home/lucas/~/.m2/org/springframework/boot/spring-boot-starter-data-jpa/2.0.6.RELEASE/spring-boot-starter-data-jpa-2.0.6.RELEASE.jar:/home/lucas/~/.m2/org/springframework/boot/spring-boot-starter-aop/2.0.6.RELEASE/spring-boot-starter-aop-2.0.6.RELEASE.jar:/home/lucas/~/.m2/org/aspectj/aspectjweaver/1.8.13/aspectjweaver-1.8.13.jar:/home/lucas/~/.m2/org/springframework/boot/spring-boot-starter-jdbc/2.0.6.RELEASE/spring-boot-starter-jdbc-2.0.6.RELEASE.jar:/home/lucas/~/.m2/com/zaxxer/HikariCP/2.7.9/HikariCP-2.7.9.jar:/home/lucas/~/.m2/org/springframework/spring-jdbc/5.0.10.RELEASE/spring-jdbc-5.0.10.RELEASE.jar:/home/lucas/~/.m2/javax/transaction/javax.transaction-api/1.2/javax.transaction-api-1.2.jar:/home/lucas/~/.m2/org/hibernate/hibernate-core/5.2.17.Final/hibernate-core-5.2.17.Final.jar:/home/lucas/~/.m2/org/hibernate/javax/persistence/hibernate-jpa-2.1-api/1.0.2.Final/hibernate-jpa-2.1-api-1.0.2.Final.jar:/home/lucas/~/.m2/org/javassist/javassist/3.22.0-GA/javassist-3.22.0-GA.jar:/home/lucas/~/.m2/antlr/antlr/2.7.7/antlr-2.7.7.jar:/home/lucas/~/.m2/org/jboss/jandex/2.0.3.Final/jandex-2.0.3.Final.jar:/home/lucas/~/.m2/dom4j/dom4j/1.6.1/dom4j-1.6.1.jar:/home/lucas/~/.m2/org/hibernate/common/hibernate-commons-annotations/5.0.1.Final/hibernate-commons-annotations-5.0.1.Final.jar:/home/lucas/~/.m2/org/springframework/data/spring-data-jpa/2.0.11.RELEASE/spring-data-jpa-2.0.11.RELEASE.jar:/home/lucas/~/.m2/org/springframework/data/spring-data-commons/2.0.11.RELEASE/spring-data-commons-2.0.11.RELEASE.jar:/home/lucas/~/.m2/org/springframework/spring-orm/5.0.10.RELEASE/spring-orm-5.0.10.RELEASE.jar:/home/lucas/~/.m2/org/springframework/spring-tx/5.0.10.RELEASE/spring-tx-5.0.10.RELEASE.jar:/home/lucas/~/.m2/org/springframework/spring-aspects/5.0.10.RELEASE/spring-aspects-5.0.10.RELEASE.jar:/home/lucas/~/.m2/org/springframework/boot/spring-boot-starter-test/2.0.6.RELEASE/spring-boot-starter-test-2.0.6.RELEASE.jar:/home/lucas/~/.m2/org/springframework/boot/spring-boot-test/2.0.6.RELEASE/spring-boot-test-2.0.6.RELEASE.jar:/home/lucas/~/.m2/org/springframework/boot/spring-boot-test-autoconfigure/2.0.6.RELEASE/spring-boot-test-autoconfigure-2.0.6.RELEASE.jar:/home/lucas/~/.m2/com/jayway/jsonpath/json-path/2.4.0/json-path-2.4.0.jar:/home/lucas/~/.m2/net/minidev/json-smart/2.3/json-smart-2.3.jar:/home/lucas/~/.m2/net/minidev/accessors-smart/1.2/accessors-smart-1.2.jar:/home/lucas/~/.m2/org/ow2/asm/asm/5.0.4/asm-5.0.4.jar:/home/lucas/~/.m2/junit/junit/4.12/junit-4.12.jar:/home/lucas/~/.m2/org/assertj/assertj-core/3.9.1/assertj-core-3.9.1.jar:/home/lucas/~/.m2/org/mockito/mockito-core/2.15.0/mockito-core-2.15.0.jar:/home/lucas/~/.m2/net/bytebuddy/byte-buddy/1.7.11/byte-buddy-1.7.11.jar:/home/lucas/~/.m2/net/bytebuddy/byte-buddy-agent/1.7.11/byte-buddy-agent-1.7.11.jar:/home/lucas/~/.m2/org/objenesis/objenesis/2.6/objenesis-2.6.jar:/home/lucas/~/.m2/org/hamcrest/hamcrest-core/1.3/hamcrest-core-1.3.jar:/home/lucas/~/.m2/org/hamcrest/hamcrest-library/1.3/hamcrest-library-1.3.jar:/home/lucas/~/.m2/org/skyscreamer/jsonassert/1.5.0/jsonassert-1.5.0.jar:/home/lucas/~/.m2/com/vaadin/external/google/android-json/0.0.20131108.vaadin1/android-json-0.0.20131108.vaadin1.jar:/home/lucas/~/.m2/org/springframework/spring-core/5.0.10.RELEASE/spring-core-5.0.10.RELEASE.jar:/home/lucas/~/.m2/org/springframework/spring-jcl/5.0.10.RELEASE/spring-jcl-5.0.10.RELEASE.jar:/home/lucas/~/.m2/org/springframework/spring-test/5.0.10.RELEASE/spring-test-5.0.10.RELEASE.jar:/home/lucas/~/.m2/org/xmlunit/xmlunit-core/2.5.1/xmlunit-core-2.5.1.jar:"/>
    <property name="sun.cpu.endian" value="little"/>
    <property name="user.home" value="/home/lucas"/>
    <property name="user.language" value="pt"/>
    <property name="java.specification.vendor" value="Oracle Corporation"/>
    <property name="java.home" value="/usr/lib/jvm/java-8-openjdk-amd64/jre"/>
    <property name="basedir" value="/home/lucas/dev/projetos/ouw-back"/>
    <property name="file.separator" value="/"/>
    <property name="line.separator" value="&#10;"/>
    <property name="java.vm.specification.vendor" value="Oracle Corporation"/>
    <property name="java.specification.name" value="Java Platform API Specification"/>
    <property name="java.awt.graphicsenv" value="sun.awt.X11GraphicsEnvironment"/>
    <property name="surefire.real.class.path" value="/home/lucas/dev/projetos/ouw-back/target/surefire/surefirebooter3948478826994482143.jar"/>
    <property name="sun.boot.class.path" value="/usr/lib/jvm/java-8-openjdk-amd64/jre/lib/resources.jar:/usr/lib/jvm/java-8-openjdk-amd64/jre/lib/rt.jar:/usr/lib/jvm/java-8-openjdk-amd64/jre/lib/sunrsasign.jar:/usr/lib/jvm/java-8-openjdk-amd64/jre/lib/jsse.jar:/usr/lib/jvm/java-8-openjdk-amd64/jre/lib/jce.jar:/usr/lib/jvm/java-8-openjdk-amd64/jre/lib/charsets.jar:/usr/lib/jvm/java-8-openjdk-amd64/jre/lib/jfr.jar:/usr/lib/jvm/java-8-openjdk-amd64/jre/classes"/>
    <property name="sun.management.compiler" value="HotSpot 64-Bit Tiered Compilers"/>
    <property name="java.runtime.version" value="1.8.0_181-8u181-b13-0ubuntu0.16.04.1-b13"/>
    <property name="user.name" value="lucas"/>
    <property name="path.separator" value=":"/>
    <property name="os.version" value="4.15.0-36-generic"/>
    <property name="java.endorsed.dirs" value="/usr/lib/jvm/java-8-openjdk-amd64/jre/lib/endorsed"/>
    <property name="java.runtime.name" value="OpenJDK Runtime Environment"/>
    <property name="file.encoding" value="UTF-8"/>
    <property name="java.vm.name" value="OpenJDK 64-Bit Server VM"/>
    <property name="localRepository" value="/home/lucas/~/.m2"/>
    <property name="java.vendor.url.bug" value="http://bugreport.sun.com/bugreport/"/>
    <property name="java.io.tmpdir" value="/tmp"/>
    <property name="java.version" value="1.8.0_181"/>
    <property name="user.dir" value="/home/lucas/dev/projetos/ouw-back"/>
    <property name="os.arch" value="amd64"/>
    <property name="java.vm.specification.name" value="Java Virtual Machine Specification"/>
    <property name="java.awt.printerjob" value="sun.print.PSPrinterJob"/>
    <property name="sun.os.patch.level" value="unknown"/>
    <property name="java.library.path" value="/usr/java/packages/lib/amd64:/usr/lib/x86_64-linux-gnu/jni:/lib/x86_64-linux-gnu:/usr/lib/x86_64-linux-gnu:/usr/lib/jni:/lib:/usr/lib"/>
    <property name="java.vm.info" value="mixed mode"/>
    <property name="java.vendor" value="Oracle Corporation"/>
    <property name="java.vm.version" value="25.181-b13"/>
    <property name="java.ext.dirs" value="/usr/lib/jvm/java-8-openjdk-amd64/jre/lib/ext:/usr/java/packages/lib/ext"/>
    <property name="sun.io.unicode.encoding" value="UnicodeLittle"/>
    <property name="java.class.version" value="52.0"/>
  </properties>
  <testcase name="contextLoads" classname="uow.uow.UowApplicationTests" time="0.286"/>
</testsuite>